2026-01-17T18:28:51+0100 INFO [run_id=20260117_172753_#7a02852b correlation_id=1924e77a9e14476fa193126121bb1384] Resolved repository root: D:\Git-GitHub\Repositories\07-Portfolio\agentic-elt-data-warehouse
2026-01-17T18:28:51+0100 INFO [run_id=20260117_172753_#7a02852b correlation_id=1924e77a9e14476fa193126121bb1384] Using SILVER_RUN_ID=20260117_172753_#7a02852b
ERROR:root:Gold layer builder failed.
Traceback (most recent call last):
  File "D:\Git-GitHub\Repositories\07-Portfolio\agentic-elt-data-warehouse\src\agents\load_3_gold_layer_builder_agent.py", line 322, in <module>
    raise SystemExit(main())
                     ^^^^^^
  File "D:\Git-GitHub\Repositories\07-Portfolio\agentic-elt-data-warehouse\src\agents\load_3_gold_layer_builder_agent.py", line 278, in main
    validate_inputs(
  File "D:\Git-GitHub\Repositories\07-Portfolio\agentic-elt-data-warehouse\src\agents\load_3_gold_layer_builder_agent.py", line 218, in validate_inputs
    raise FileNotFoundError(f"Missing required inputs: {missing_str}")
FileNotFoundError: Missing required inputs: metadata=D:\Git-GitHub\Repositories\07-Portfolio\agentic-elt-data-warehouse\artifacts\silver\20260117_172753_#7a02852b\metadata.yaml, gold_context=D:\Git-GitHub\Repositories\07-Portfolio\agentic-elt-data-warehouse\tmp\draft_reports\gold\20260117_172753_#7a02852b\gold_run_agent_context.json, gold_human_report=D:\Git-GitHub\Repositories\07-Portfolio\agentic-elt-data-warehouse\tmp\draft_reports\gold\20260117_172753_#7a02852b\gold_run_human_report.md
Traceback (most recent call last):
  File "D:\Git-GitHub\Repositories\07-Portfolio\agentic-elt-data-warehouse\src\agents\load_3_gold_layer_builder_agent.py", line 322, in <module>
    raise SystemExit(main())
                     ^^^^^^
  File "D:\Git-GitHub\Repositories\07-Portfolio\agentic-elt-data-warehouse\src\agents\load_3_gold_layer_builder_agent.py", line 278, in main
    validate_inputs(
  File "D:\Git-GitHub\Repositories\07-Portfolio\agentic-elt-data-warehouse\src\agents\load_3_gold_layer_builder_agent.py", line 218, in validate_inputs
    raise FileNotFoundError(f"Missing required inputs: {missing_str}")
FileNotFoundError: Missing required inputs: metadata=D:\Git-GitHub\Repositories\07-Portfolio\agentic-elt-data-warehouse\artifacts\silver\20260117_172753_#7a02852b\metadata.yaml, gold_context=D:\Git-GitHub\Repositories\07-Portfolio\agentic-elt-data-warehouse\tmp\draft_reports\gold\20260117_172753_#7a02852b\gold_run_agent_context.json, gold_human_report=D:\Git-GitHub\Repositories\07-Portfolio\agentic-elt-data-warehouse\tmp\draft_reports\gold\20260117_172753_#7a02852b\gold_run_human_report.md
